<?xml version="1.0" encoding="utf-8"?><testsuites name="pytest tests"><testsuite name="pytest" errors="0" failures="0" skipped="0" tests="23" time="19.545" timestamp="2026-04-30T14:11:16.463617+00:00" hostname="agent-env-88c12025-6dae-4132-9792-c0890a474d5b"><testcase classname="backend.tests.test_new_features.TestAIEndpoints" name="test_draft_from_facts_requires_auth" time="0.311" /><testcase classname="backend.tests.test_new_features.TestAIEndpoints" name="test_strengthen_requires_auth" time="0.088" /><testcase classname="backend.tests.test_new_features.TestAIEndpoints" name="test_draft_from_facts_legal_notice" time="15.037" /><testcase classname="backend.tests.test_new_features.TestAIEndpoints" name="test_strengthen_mode" time="1.678" /><testcase classname="backend.tests.test_new_features.TestDrafts" name="test_list_drafts_requires_auth" time="0.055" /><testcase classname="backend.tests.test_new_features.TestDrafts" name="test_create_draft_requires_auth" time="0.049" /><testcase classname="backend.tests.test_new_features.TestDrafts" name="test_create_draft" time="0.109" /><testcase classname="backend.tests.test_new_features.TestDrafts" name="test_list_drafts_filtered_by_matter" time="0.057" /><testcase classname="backend.tests.test_new_features.TestDrafts" name="test_get_draft_detail" time="0.060" /><testcase classname="backend.tests.test_new_features.TestDrafts" name="test_update_draft_increments_version" time="0.104" /><testcase classname="backend.tests.test_new_features.TestDrafts" name="test_get_unknown_draft_404" time="0.052" /><testcase classname="backend.tests.test_new_features.TestDrafts" name="test_update_unknown_draft_404" time="0.051" /><testcase classname="backend.tests.test_new_features.TestDrafts" name="test_multitenancy_drafts" time="0.430" /><testcase classname="backend.tests.test_new_features.TestDrafts" name="test_delete_draft" time="0.105" /><testcase classname="backend.tests.test_new_features.TestDocuments" name="test_list_documents_requires_auth" time="0.049" /><testcase classname="backend.tests.test_new_features.TestDocuments" name="test_upload_document_requires_auth" time="0.051" /><testcase classname="backend.tests.test_new_features.TestDocuments" name="test_upload_document" time="0.058" /><testcase classname="backend.tests.test_new_features.TestDocuments" name="test_list_documents_excludes_base64" time="0.052" /><testcase classname="backend.tests.test_new_features.TestDocuments" name="test_get_document_includes_base64" time="0.053" /><testcase classname="backend.tests.test_new_features.TestDocuments" name="test_get_unknown_document_404" time="0.099" /><testcase classname="backend.tests.test_new_features.TestDocuments" name="test_upload_large_document_returns_413" time="0.746" /><testcase classname="backend.tests.test_new_features.TestDocuments" name="test_multitenancy_documents" time="0.094" /><testcase classname="backend.tests.test_new_features.TestDocuments" name="test_delete_document" time="0.104" /></testsuite></testsuites>