<?xml version="1.0" encoding="utf-8"?><testsuites name="pytest tests"><testsuite name="pytest" errors="0" failures="0" skipped="0" tests="36" time="4.481" timestamp="2026-04-30T10:22:56.600416+00:00" hostname="agent-env-88c12025-6dae-4132-9792-c0890a474d5b"><testcase classname="tests.test_lexmanager_api.TestAuth" name="test_root" time="0.223" /><testcase classname="tests.test_lexmanager_api.TestAuth" name="test_register_new_user" time="0.279" /><testcase classname="tests.test_lexmanager_api.TestAuth" name="test_register_duplicate_email" time="0.046" /><testcase classname="tests.test_lexmanager_api.TestAuth" name="test_login_demo_user" time="0.267" /><testcase classname="tests.test_lexmanager_api.TestAuth" name="test_login_wrong_password" time="0.267" /><testcase classname="tests.test_lexmanager_api.TestAuth" name="test_login_unknown_user" time="0.043" /><testcase classname="tests.test_lexmanager_api.TestAuth" name="test_me_no_token" time="0.043" /><testcase classname="tests.test_lexmanager_api.TestAuth" name="test_me_invalid_token" time="0.042" /><testcase classname="tests.test_lexmanager_api.TestAuth" name="test_me_with_token" time="0.312" /><testcase classname="tests.test_lexmanager_api.TestAuth" name="test_update_me" time="0.092" /><testcase classname="tests.test_lexmanager_api.TestDashboard" name="test_dashboard_stats_unauth" time="0.043" /><testcase classname="tests.test_lexmanager_api.TestDashboard" name="test_dashboard_stats_shape" time="0.051" /><testcase classname="tests.test_lexmanager_api.TestClients" name="test_list_clients_unauth" time="0.046" /><testcase classname="tests.test_lexmanager_api.TestClients" name="test_list_clients" time="0.050" /><testcase classname="tests.test_lexmanager_api.TestClients" name="test_filter_clients_status_active" time="0.047" /><testcase classname="tests.test_lexmanager_api.TestClients" name="test_filter_clients_search" time="0.046" /><testcase classname="tests.test_lexmanager_api.TestClients" name="test_conflict_check_route_not_captured_as_id" time="0.052" /><testcase classname="tests.test_lexmanager_api.TestClients" name="test_conflict_check_no_match" time="0.044" /><testcase classname="tests.test_lexmanager_api.TestClients" name="test_create_get_update_delete_client" time="0.284" /><testcase classname="tests.test_lexmanager_api.TestClients" name="test_get_unknown_client_404" time="0.044" /><testcase classname="tests.test_lexmanager_api.TestMatters" name="test_list_matters" time="0.054" /><testcase classname="tests.test_lexmanager_api.TestMatters" name="test_get_matter_detail" time="0.112" /><testcase classname="tests.test_lexmanager_api.TestMatters" name="test_create_matter_and_filter" time="0.233" /><testcase classname="tests.test_lexmanager_api.TestEvents" name="test_list_events" time="0.048" /><testcase classname="tests.test_lexmanager_api.TestEvents" name="test_filter_events_by_date_range" time="0.050" /><testcase classname="tests.test_lexmanager_api.TestEvents" name="test_create_update_delete_event" time="0.135" /><testcase classname="tests.test_lexmanager_api.TestTimeEntries" name="test_list_time_entries" time="0.046" /><testcase classname="tests.test_lexmanager_api.TestTimeEntries" name="test_unbilled_filter" time="0.052" /><testcase classname="tests.test_lexmanager_api.TestTimeEntries" name="test_create_time_entry_calc_amount" time="0.140" /><testcase classname="tests.test_lexmanager_api.TestInvoices" name="test_list_invoices" time="0.044" /><testcase classname="tests.test_lexmanager_api.TestInvoices" name="test_filter_invoices_by_status" time="0.050" /><testcase classname="tests.test_lexmanager_api.TestInvoices" name="test_create_invoice_calculates_totals" time="0.281" /><testcase classname="tests.test_lexmanager_api.TestInvoices" name="test_invoice_no_gst" time="0.164" /><testcase classname="tests.test_lexmanager_api.TestNotes" name="test_create_list_delete_note" time="0.183" /><testcase classname="tests.test_lexmanager_api.TestSeed" name="test_seed_idempotent" time="0.043" /><testcase classname="tests.test_lexmanager_api.TestScoping" name="test_users_only_see_own_data" time="0.446" /></testsuite></testsuites>